=== RUN   TestRun
Remaining Cities:
A connecting to map[north:0xc0001a4300 south:0xc0001a4318]B, C
B connecting to map[east:0xc0001a4330 south:0xc0001a42e8]D, A
C connecting to map[north:0xc0001a42e8 west:0xc0001a4330]A, D
D connecting to map[east:0xc0001a4318 west:0xc0001a4300]C, B

Remaining Aliens:
Alien 3 at D, moved 0 times
Alien 4 at A, moved 0 times
Alien 5 at B, moved 0 times
Alien 7 at C, moved 0 times
Alien 8 at D, moved 0 times
Alien 0 at A, moved 0 times
Alien 1 at B, moved 0 times
Alien 2 at C, moved 0 times
Alien 6 at B, moved 0 times
=====================================
Remaining Cities:
A connecting to map[north:0xc0001a4300 south:0xc0001a4318]B, C
B connecting to map[east:0xc0001a4330 south:0xc0001a42e8]A, D
C connecting to map[north:0xc0001a42e8 west:0xc0001a4330]A, D
D connecting to map[east:0xc0001a4318 west:0xc0001a4300]B, C

Remaining Aliens:
Alien 0 at B, moved 1 times
Alien 1 at A, moved 1 times
Alien 2 at A, moved 1 times
Alien 6 at D, moved 1 times
Alien 3 at C, moved 1 times
Alien 4 at B, moved 1 times
Alien 5 at A, moved 1 times
Alien 7 at D, moved 1 times
Alien 8 at B, moved 1 times
City A has been destroyed by aliens: 1 2 5 
City B has been destroyed by aliens: 4 0 8 
City D has been destroyed by aliens: 7 6 
getRandomNeighbor: city is nil or has no neighbours &{C map[]} map[]
--- FAIL: TestRun (0.00s)
panic: runtime error: invalid memory address or nil pointer dereference [recovered]
	panic: runtime error: invalid memory address or nil pointer dereference
[signal SIGSEGV: segmentation violation code=0x1 addr=0x0 pc=0x118b727]

goroutine 18 [running]:
testing.tRunner.func1.2({0x11b06e0, 0x135fb90})
	/usr/local/Cellar/go/1.20.2/libexec/src/testing/testing.go:1526 +0x24e
testing.tRunner.func1()
	/usr/local/Cellar/go/1.20.2/libexec/src/testing/testing.go:1529 +0x39f
panic({0x11b06e0, 0x135fb90})
	/usr/local/Cellar/go/1.20.2/libexec/src/runtime/panic.go:884 +0x213
xtinvasion.(*App).Run(0xc00018f4d0)
	/Users/derrandz/Lab/jobs/interview-challenges/aib/app.go:221 +0x3e7
xtinvasion.TestRun(0x0?)
	/Users/derrandz/Lab/jobs/interview-challenges/aib/app_test.go:95 +0x365
testing.tRunner(0xc000184d00, 0x120c928)
	/usr/local/Cellar/go/1.20.2/libexec/src/testing/testing.go:1576 +0x10b
created by testing.(*T).Run
	/usr/local/Cellar/go/1.20.2/libexec/src/testing/testing.go:1629 +0x3ea
FAIL	xtinvasion	0.391s
FAIL
